<?xml version="1.0" encoding="UTF-8"?>
<!-- Generated by org.testng.reporters.JUnitReportReporter -->
<testsuite hostname="priya" failures="0" tests="1" name="testPackage.TC_LaunchingGoogle_001_Test" time="11.032" errors="0" timestamp="2025-03-13T11:39:46 IST" skipped="0">
  <testcase classname="testPackage.TC_LaunchingGoogle_001_Test" name="launchGoogle" time="11.032"/>
</testsuite> <!-- testPackage.TC_LaunchingGoogle_001_Test -->
