<?xml version="1.0" encoding="UTF-8"?>
<!-- Generated by org.testng.reporters.JUnitReportReporter -->
<testsuite hostname="priya" failures="0" tests="3" name="testNGDataProvider.LoginWebDataProvider" time="34.050" errors="0" timestamp="2025-03-10T11:31:04 IST" skipped="0">
  <testcase classname="testNGDataProvider.LoginWebDataProvider" name="invalidloginTC" time="9.113"/>
  <system-out/>
  <testcase classname="testNGDataProvider.LoginWebDataProvider" name="invalidloginTC" time="15.035"/>
  <system-out/>
  <testcase classname="testNGDataProvider.LoginWebDataProvider" name="invalidloginTC" time="9.902"/>
  <system-out/>
</testsuite> <!-- testNGDataProvider.LoginWebDataProvider -->
