<?xml version="1.0" encoding="UTF-8"?>
<!-- Generated by org.testng.reporters.JUnitReportReporter -->
<testsuite hostname="priya" failures="0" tests="2" name="testNGexecution2.CrossBowserTesting" time="89.576" errors="0" timestamp="2025-03-06T11:54:35 IST" skipped="0">
  <testcase classname="testNGexecution2.CrossBowserTesting" name="crossbrowser" time="81.978"/>
  <system-out/>
  <testcase classname="testNGexecution2.CrossBowserTesting" name="crossbrowser" time="7.598"/>
  <system-out/>
</testsuite> <!-- testNGexecution2.CrossBowserTesting -->
