<?xml version="1.0" encoding="UTF-8"?>
<!-- Generated by org.testng.reporters.JUnitReportReporter -->
<testsuite hostname="priya" failures="0" tests="2" name="TestNGPackage.Demo" time="0.021" errors="0" timestamp="2025-03-04T11:00:06 IST" skipped="0">
  <testcase classname="TestNGPackage.Demo" name="Method1" time="0.018"/>
  <system-out>
    <![CDATA[This is TestNG Method 1]]>
  </system-out>
  <testcase classname="TestNGPackage.Demo" name="Method2" time="0.003"/>
  <system-out>
    <![CDATA[This is TestNG Method 2]]>
  </system-out>
</testsuite> <!-- TestNGPackage.Demo -->
