<?xml version="1.0" encoding="UTF-8"?>
<!-- Generated by org.testng.reporters.JUnitReportReporter -->
<testsuite hostname="priya" failures="0" tests="1" name="testNGexecution.LaunchFacebook" time="6.593" errors="0" timestamp="2025-03-05T12:29:50 IST" skipped="0">
  <testcase classname="testNGexecution.LaunchFacebook" name="launchfacebookTC" time="6.593"/>
  <system-out/>
</testsuite> <!-- testNGexecution.LaunchFacebook -->
