<?xml version="1.0" encoding="UTF-8"?>
<!-- Generated by org.testng.reporters.JUnitReportReporter -->
<testsuite hostname="priya" failures="0" tests="2" name="testNGexecution.LaunchingTwitter" time="20.728" errors="0" timestamp="2025-03-05T11:50:18 IST" skipped="0">
  <testcase classname="testNGexecution.LaunchingTwitter" name="launchingtwitterTc" time="8.373"/>
  <system-out/>
  <testcase classname="testNGexecution.LaunchingTwitter" name="launchingtwitterTc" time="12.355"/>
  <system-out/>
</testsuite> <!-- testNGexecution.LaunchingTwitter -->
