<?xml version="1.0" encoding="UTF-8"?>
<!-- Generated by org.testng.reporters.JUnitReportReporter -->
<testsuite hostname="priya" failures="0" tests="5" name="TestNGPackage.ToUnderstandDependsOnMethods" time="0.032" errors="0" timestamp="2025-03-04T12:15:47 IST" skipped="0">
  <testcase classname="TestNGPackage.ToUnderstandDependsOnMethods" name="logout" time="0.004"/>
  <system-out>
    <![CDATA[This Is logout Method]]>
  </system-out>
  <testcase classname="TestNGPackage.ToUnderstandDependsOnMethods" name="moneytransfer" time="0.005"/>
  <system-out>
    <![CDATA[This Is register Method]]>
  </system-out>
  <testcase classname="TestNGPackage.ToUnderstandDependsOnMethods" name="checkAccountBalance" time="0.004"/>
  <system-out>
    <![CDATA[This Is check Account Balance Method]]>
  </system-out>
  <testcase classname="TestNGPackage.ToUnderstandDependsOnMethods" name="login" time="0.003"/>
  <system-out>
    <![CDATA[This Is login Method]]>
  </system-out>
  <testcase classname="TestNGPackage.ToUnderstandDependsOnMethods" name="register" time="0.016"/>
  <system-out>
    <![CDATA[This Is register Method]]>
  </system-out>
</testsuite> <!-- TestNGPackage.ToUnderstandDependsOnMethods -->
