<?xml version="1.0" encoding="UTF-8"?>
<!-- Generated by org.testng.reporters.JUnitReportReporter -->
<testsuite hostname="priya" failures="0" tests="3" name="TestNGPackage.ToUnderstandInvocationCount" time="40.425" errors="0" timestamp="2025-03-04T11:16:46 IST" skipped="0">
  <testcase classname="TestNGPackage.ToUnderstandInvocationCount" name="launchSelenium" time="24.803"/>
  <system-out/>
  <testcase classname="TestNGPackage.ToUnderstandInvocationCount" name="launchSelenium" time="9.611"/>
  <system-out/>
  <testcase classname="TestNGPackage.ToUnderstandInvocationCount" name="launchSelenium" time="6.011"/>
  <system-out/>
</testsuite> <!-- TestNGPackage.ToUnderstandInvocationCount -->
