<?xml version="1.0" encoding="UTF-8"?>
<!-- Generated by org.testng.reporters.JUnitReportReporter -->
<testsuite hostname="priya" failures="0" tests="1" name="testNGexecution2.Rajputana" time="7.455" errors="0" timestamp="2025-03-05T12:11:24 IST" skipped="0">
  <testcase classname="testNGexecution2.Rajputana" name="launchrajputana" time="7.455"/>
  <system-out/>
</testsuite> <!-- testNGexecution2.Rajputana -->
