<?xml version="1.0" encoding="UTF-8"?>
<!-- Generated by org.testng.reporters.JUnitReportReporter -->
<testsuite hostname="priya" failures="0" tests="5" name="TestNGPackage.ToUnderstandThreadPoolSize" time="124.753" errors="0" timestamp="2025-03-04T11:35:59 IST" skipped="0">
  <testcase classname="TestNGPackage.ToUnderstandThreadPoolSize" name="launchSelenium" time="30.810"/>
  <system-out/>
  <testcase classname="TestNGPackage.ToUnderstandThreadPoolSize" name="launchSelenium" time="5.161"/>
  <system-out/>
  <testcase classname="TestNGPackage.ToUnderstandThreadPoolSize" name="launchSelenium" time="6.657"/>
  <system-out/>
  <testcase classname="TestNGPackage.ToUnderstandThreadPoolSize" name="launchSelenium" time="44.892"/>
  <system-out/>
  <testcase classname="TestNGPackage.ToUnderstandThreadPoolSize" name="launchSelenium" time="37.233"/>
  <system-out/>
</testsuite> <!-- TestNGPackage.ToUnderstandThreadPoolSize -->
