<?xml version="1.0" encoding="UTF-8"?>
<!-- Generated by org.testng.reporters.JUnitReportReporter -->
<testsuite hostname="priya" failures="0" tests="2" name="testNGexecution.LaunchInstagram" time="18.256" errors="0" timestamp="2025-03-05T11:50:18 IST" skipped="0">
  <testcase classname="testNGexecution.LaunchInstagram" name="launchinstagramTC" time="9.296"/>
  <system-out/>
  <testcase classname="testNGexecution.LaunchInstagram" name="launchinstagramTC" time="8.960"/>
  <system-out/>
</testsuite> <!-- testNGexecution.LaunchInstagram -->
