<?xml version="1.0" encoding="UTF-8"?>
<!-- Generated by org.testng.reporters.JUnitReportReporter -->
<testsuite hostname="priya" failures="0" tests="2" name="TestNGAnnotation.ToUnderstandAnnotation" time="0.024" errors="0" timestamp="2025-03-10T11:29:32 IST" skipped="0">
  <testcase classname="TestNGAnnotation.ToUnderstandAnnotation" name="test2Method" time="0.009"/>
  <system-out>
    <![CDATA[This is test2 method]]>
  </system-out>
  <testcase classname="TestNGAnnotation.ToUnderstandAnnotation" name="test1Method" time="0.015"/>
  <system-out>
    <![CDATA[This is test1 method]]>
  </system-out>
</testsuite> <!-- TestNGAnnotation.ToUnderstandAnnotation -->
